2019-04-01 04:17:59,984 [Worker-2: Loading available Gradle versions] INFO  o.e.b.c.i.u.g.PublishedGradleVersions - Gradle version information cache is up-to-date. Trying to read.
2019-04-11 03:36:17,021 [Worker-6: Loading available Gradle versions] INFO  o.e.b.c.i.u.g.PublishedGradleVersions - Gradle version information cache is up-to-date. Trying to read.
2019-04-11 15:45:07,315 [Worker-2: Loading available Gradle versions] INFO  o.e.b.c.i.u.g.PublishedGradleVersions - Gradle version information cache is up-to-date. Trying to read.
2019-04-11 17:54:57,464 [Worker-20: Creating maven-archetype-quickstart] INFO  o.e.m.c.i.p.ProjectConfigurationManager - Collecting project info '/pom.xml' D:\Workspace\Reflection API\Annotation\pom.xml
2019-04-11 17:55:09,331 [Worker-20: Creating maven-archetype-quickstart] INFO  o.e.m.c.i.l.LifecycleMappingFactory - Using org.eclipse.m2e.jdt.JarLifecycleMapping lifecycle mapping for MavenProject: com.reflection.annotation:Annotation:0.0.1-SNAPSHOT @ D:\Workspace\Reflection API\Annotation\pom.xml.
2019-04-11 17:55:15,067 [Worker-20: Creating maven-archetype-quickstart] INFO  o.e.m.j.i.AbstractJavaProjectConfigurator - Adding source folder /Annotation/src/main/java
2019-04-11 17:55:15,079 [Worker-20: Creating maven-archetype-quickstart] INFO  o.e.m.j.i.AbstractJavaProjectConfigurator - Adding source folder /Annotation/src/test/java
2019-04-11 17:55:15,776 [Worker-20: Creating maven-archetype-quickstart] INFO  o.e.m.c.i.p.ProjectConfigurationManager - Imported and configured 1 project(s) in 18 sec
2019-04-11 17:55:17,348 [Worker-25: Building workspace] INFO  o.e.m.c.i.embedder.EclipseLogger - Using 'UTF-8' encoding to copy filtered resources.
2019-04-11 17:55:17,349 [Worker-25: Building workspace] INFO  o.e.m.c.i.embedder.EclipseLogger - skip non existing resourceDirectory D:\Workspace\Reflection API\Annotation\src\main\resources
2019-04-11 17:55:17,358 [Worker-25: Building workspace] INFO  o.e.m.c.i.embedder.EclipseLogger - Using 'UTF-8' encoding to copy filtered resources.
2019-04-11 17:55:17,358 [Worker-25: Building workspace] INFO  o.e.m.c.i.embedder.EclipseLogger - skip non existing resourceDirectory D:\Workspace\Reflection API\Annotation\src\test\resources
2019-04-11 17:56:51,245 [Worker-20: Building workspace] INFO  o.e.m.c.i.l.LifecycleMappingFactory - Using org.eclipse.m2e.jdt.JarLifecycleMapping lifecycle mapping for MavenProject: com.reflection.annotation:Annotation:0.0.1-SNAPSHOT @ D:\Workspace\Reflection API\Annotation\pom.xml.
2019-04-11 17:56:51,991 [Worker-20: Building workspace] INFO  o.e.m.c.i.embedder.EclipseLogger - Using 'UTF-8' encoding to copy filtered resources.
2019-04-11 17:56:51,992 [Worker-20: Building workspace] INFO  o.e.m.c.i.embedder.EclipseLogger - skip non existing resourceDirectory D:\Workspace\Reflection API\Annotation\src\main\resources
2019-04-11 17:56:52,130 [Worker-20: Building workspace] INFO  o.e.m.c.i.embedder.EclipseLogger - Using 'UTF-8' encoding to copy filtered resources.
2019-04-11 17:56:52,131 [Worker-20: Building workspace] INFO  o.e.m.c.i.embedder.EclipseLogger - skip non existing resourceDirectory D:\Workspace\Reflection API\Annotation\src\test\resources
2019-04-11 17:57:10,120 [Worker-25: Updating Maven Project] INFO  o.e.m.c.i.p.ProjectConfigurationManager - Update started
2019-04-11 17:57:11,556 [Worker-25: Updating Maven Project] INFO  o.e.m.c.i.l.LifecycleMappingFactory - Using org.eclipse.m2e.jdt.JarLifecycleMapping lifecycle mapping for MavenProject: com.reflection.annotation:Annotation:0.0.1-SNAPSHOT @ D:\Workspace\Reflection API\Annotation\pom.xml.
2019-04-11 17:57:12,030 [Worker-25: Updating Maven Project] INFO  o.e.m.j.i.AbstractJavaProjectConfigurator - Adding source folder /Annotation/src/main/java
2019-04-11 17:57:12,033 [Worker-25: Updating Maven Project] INFO  o.e.m.j.i.AbstractJavaProjectConfigurator - Adding source folder /Annotation/src/test/java
2019-04-11 17:57:12,389 [Worker-25: Updating Maven Project] INFO  o.e.m.c.i.p.ProjectConfigurationManager - Update completed: 2 sec
2019-04-11 17:57:12,689 [Worker-22: Building workspace] INFO  o.e.m.c.i.embedder.EclipseLogger - Using 'UTF-8' encoding to copy filtered resources.
2019-04-11 17:57:12,690 [Worker-22: Building workspace] INFO  o.e.m.c.i.embedder.EclipseLogger - skip non existing resourceDirectory D:\Workspace\Reflection API\Annotation\src\main\resources
2019-04-11 17:57:12,696 [Worker-22: Building workspace] INFO  o.e.m.c.i.embedder.EclipseLogger - Using 'UTF-8' encoding to copy filtered resources.
2019-04-11 17:57:12,696 [Worker-22: Building workspace] INFO  o.e.m.c.i.embedder.EclipseLogger - skip non existing resourceDirectory D:\Workspace\Reflection API\Annotation\src\test\resources
2019-04-11 17:59:07,094 [Worker-27: Building workspace] INFO  o.e.m.c.i.embedder.EclipseLogger - Using 'UTF-8' encoding to copy filtered resources.
2019-04-11 17:59:07,095 [Worker-27: Building workspace] INFO  o.e.m.c.i.embedder.EclipseLogger - skip non existing resourceDirectory D:\Workspace\Reflection API\Annotation\src\main\resources
2019-04-11 17:59:07,100 [Worker-27: Building workspace] INFO  o.e.m.c.i.embedder.EclipseLogger - Using 'UTF-8' encoding to copy filtered resources.
2019-04-11 17:59:07,100 [Worker-27: Building workspace] INFO  o.e.m.c.i.embedder.EclipseLogger - skip non existing resourceDirectory D:\Workspace\Reflection API\Annotation\src\test\resources
2019-04-11 20:37:49,752 [Worker-33: Building workspace] INFO  o.e.m.c.i.embedder.EclipseLogger - Using 'UTF-8' encoding to copy filtered resources.
2019-04-11 20:37:49,753 [Worker-33: Building workspace] INFO  o.e.m.c.i.embedder.EclipseLogger - skip non existing resourceDirectory D:\Workspace\Reflection API\Annotation\src\main\resources
2019-04-11 20:37:49,756 [Worker-33: Building workspace] INFO  o.e.m.c.i.embedder.EclipseLogger - Using 'UTF-8' encoding to copy filtered resources.
2019-04-11 20:37:49,756 [Worker-33: Building workspace] INFO  o.e.m.c.i.embedder.EclipseLogger - skip non existing resourceDirectory D:\Workspace\Reflection API\Annotation\src\test\resources
2019-04-11 21:56:46,566 [Worker-0: Loading available Gradle versions] INFO  o.e.b.c.i.u.g.PublishedGradleVersions - Gradle version information cache is out-of-date. Trying to update.
2019-04-11 22:06:19,182 [Worker-6: Building workspace] INFO  o.e.m.c.i.embedder.EclipseLogger - Using 'UTF-8' encoding to copy filtered resources.
2019-04-11 22:06:19,184 [Worker-6: Building workspace] INFO  o.e.m.c.i.embedder.EclipseLogger - skip non existing resourceDirectory D:\Workspace\Reflection API\Annotation\src\main\resources
2019-04-11 22:06:19,193 [Worker-6: Building workspace] INFO  o.e.m.c.i.embedder.EclipseLogger - Using 'UTF-8' encoding to copy filtered resources.
2019-04-11 22:06:19,194 [Worker-6: Building workspace] INFO  o.e.m.c.i.embedder.EclipseLogger - skip non existing resourceDirectory D:\Workspace\Reflection API\Annotation\src\test\resources
2019-04-12 01:20:37,112 [Worker-38: Building workspace] INFO  o.e.m.c.i.embedder.EclipseLogger - Using 'UTF-8' encoding to copy filtered resources.
2019-04-12 01:20:37,184 [Worker-38: Building workspace] INFO  o.e.m.c.i.embedder.EclipseLogger - skip non existing resourceDirectory D:\Workspace\Reflection API\Annotation\src\main\resources
2019-04-12 01:20:37,208 [Worker-38: Building workspace] INFO  o.e.m.c.i.embedder.EclipseLogger - Using 'UTF-8' encoding to copy filtered resources.
2019-04-12 01:20:37,208 [Worker-38: Building workspace] INFO  o.e.m.c.i.embedder.EclipseLogger - skip non existing resourceDirectory D:\Workspace\Reflection API\Annotation\src\test\resources
2019-04-12 01:20:48,153 [Worker-43: Building workspace] INFO  o.e.m.c.i.embedder.EclipseLogger - Using 'UTF-8' encoding to copy filtered resources.
2019-04-12 01:20:48,153 [Worker-43: Building workspace] INFO  o.e.m.c.i.embedder.EclipseLogger - skip non existing resourceDirectory D:\Workspace\Reflection API\Annotation\src\main\resources
2019-04-12 01:20:48,176 [Worker-43: Building workspace] INFO  o.e.m.c.i.embedder.EclipseLogger - Using 'UTF-8' encoding to copy filtered resources.
2019-04-12 01:20:48,214 [Worker-43: Building workspace] INFO  o.e.m.c.i.embedder.EclipseLogger - skip non existing resourceDirectory D:\Workspace\Reflection API\Annotation\src\test\resources
2019-04-12 01:21:34,181 [Worker-44: Building workspace] INFO  o.e.m.c.i.embedder.EclipseLogger - Using 'UTF-8' encoding to copy filtered resources.
2019-04-12 01:21:34,182 [Worker-44: Building workspace] INFO  o.e.m.c.i.embedder.EclipseLogger - skip non existing resourceDirectory D:\Workspace\Reflection API\Annotation\src\main\resources
2019-04-12 01:21:34,269 [Worker-44: Building workspace] INFO  o.e.m.c.i.embedder.EclipseLogger - Using 'UTF-8' encoding to copy filtered resources.
2019-04-12 01:21:34,269 [Worker-44: Building workspace] INFO  o.e.m.c.i.embedder.EclipseLogger - skip non existing resourceDirectory D:\Workspace\Reflection API\Annotation\src\test\resources
2019-04-12 01:21:45,709 [Worker-43: Building workspace] INFO  o.e.m.c.i.embedder.EclipseLogger - Using 'UTF-8' encoding to copy filtered resources.
2019-04-12 01:21:45,709 [Worker-43: Building workspace] INFO  o.e.m.c.i.embedder.EclipseLogger - skip non existing resourceDirectory D:\Workspace\Reflection API\Annotation\src\main\resources
2019-04-12 01:21:45,748 [Worker-43: Building workspace] INFO  o.e.m.c.i.embedder.EclipseLogger - Using 'UTF-8' encoding to copy filtered resources.
2019-04-12 01:21:45,749 [Worker-43: Building workspace] INFO  o.e.m.c.i.embedder.EclipseLogger - skip non existing resourceDirectory D:\Workspace\Reflection API\Annotation\src\test\resources
2019-04-12 01:36:58,606 [Worker-38: Building workspace] INFO  o.e.m.c.i.embedder.EclipseLogger - Using 'UTF-8' encoding to copy filtered resources.
2019-04-12 01:36:58,621 [Worker-38: Building workspace] INFO  o.e.m.c.i.embedder.EclipseLogger - skip non existing resourceDirectory D:\Workspace\Reflection API\Annotation\src\main\resources
2019-04-12 01:36:58,625 [Worker-38: Building workspace] INFO  o.e.m.c.i.embedder.EclipseLogger - Using 'UTF-8' encoding to copy filtered resources.
2019-04-12 01:36:58,626 [Worker-38: Building workspace] INFO  o.e.m.c.i.embedder.EclipseLogger - skip non existing resourceDirectory D:\Workspace\Reflection API\Annotation\src\test\resources
2019-04-12 01:37:34,789 [Worker-42: Building workspace] INFO  o.e.m.c.i.embedder.EclipseLogger - Using 'UTF-8' encoding to copy filtered resources.
2019-04-12 01:37:34,789 [Worker-42: Building workspace] INFO  o.e.m.c.i.embedder.EclipseLogger - skip non existing resourceDirectory D:\Workspace\Reflection API\Annotation\src\main\resources
2019-04-12 01:37:34,793 [Worker-42: Building workspace] INFO  o.e.m.c.i.embedder.EclipseLogger - Using 'UTF-8' encoding to copy filtered resources.
2019-04-12 01:37:34,793 [Worker-42: Building workspace] INFO  o.e.m.c.i.embedder.EclipseLogger - skip non existing resourceDirectory D:\Workspace\Reflection API\Annotation\src\test\resources
2019-04-12 01:46:01,577 [Worker-43: Building workspace] INFO  o.e.m.c.i.embedder.EclipseLogger - Using 'UTF-8' encoding to copy filtered resources.
2019-04-12 01:46:01,578 [Worker-43: Building workspace] INFO  o.e.m.c.i.embedder.EclipseLogger - skip non existing resourceDirectory D:\Workspace\Reflection API\Annotation\src\main\resources
2019-04-12 01:46:01,584 [Worker-43: Building workspace] INFO  o.e.m.c.i.embedder.EclipseLogger - Using 'UTF-8' encoding to copy filtered resources.
2019-04-12 01:46:01,584 [Worker-43: Building workspace] INFO  o.e.m.c.i.embedder.EclipseLogger - skip non existing resourceDirectory D:\Workspace\Reflection API\Annotation\src\test\resources
2019-04-12 01:48:43,913 [Worker-48: Building workspace] INFO  o.e.m.c.i.embedder.EclipseLogger - Using 'UTF-8' encoding to copy filtered resources.
2019-04-12 01:48:43,914 [Worker-48: Building workspace] INFO  o.e.m.c.i.embedder.EclipseLogger - skip non existing resourceDirectory D:\Workspace\Reflection API\Annotation\src\main\resources
2019-04-12 01:48:43,921 [Worker-48: Building workspace] INFO  o.e.m.c.i.embedder.EclipseLogger - Using 'UTF-8' encoding to copy filtered resources.
2019-04-12 01:48:43,924 [Worker-48: Building workspace] INFO  o.e.m.c.i.embedder.EclipseLogger - skip non existing resourceDirectory D:\Workspace\Reflection API\Annotation\src\test\resources
2019-04-12 01:51:00,892 [Worker-47: Building workspace] INFO  o.e.m.c.i.embedder.EclipseLogger - Using 'UTF-8' encoding to copy filtered resources.
2019-04-12 01:51:00,893 [Worker-47: Building workspace] INFO  o.e.m.c.i.embedder.EclipseLogger - skip non existing resourceDirectory D:\Workspace\Reflection API\Annotation\src\main\resources
2019-04-12 01:51:00,896 [Worker-47: Building workspace] INFO  o.e.m.c.i.embedder.EclipseLogger - Using 'UTF-8' encoding to copy filtered resources.
2019-04-12 01:51:00,897 [Worker-47: Building workspace] INFO  o.e.m.c.i.embedder.EclipseLogger - skip non existing resourceDirectory D:\Workspace\Reflection API\Annotation\src\test\resources
2019-04-12 01:51:39,208 [Worker-44: Building workspace] INFO  o.e.m.c.i.embedder.EclipseLogger - Using 'UTF-8' encoding to copy filtered resources.
2019-04-12 01:51:39,209 [Worker-44: Building workspace] INFO  o.e.m.c.i.embedder.EclipseLogger - skip non existing resourceDirectory D:\Workspace\Reflection API\Annotation\src\main\resources
2019-04-12 01:51:39,214 [Worker-44: Building workspace] INFO  o.e.m.c.i.embedder.EclipseLogger - Using 'UTF-8' encoding to copy filtered resources.
2019-04-12 01:51:39,215 [Worker-44: Building workspace] INFO  o.e.m.c.i.embedder.EclipseLogger - skip non existing resourceDirectory D:\Workspace\Reflection API\Annotation\src\test\resources
2019-04-12 01:52:22,042 [Worker-48: Building workspace] INFO  o.e.m.c.i.embedder.EclipseLogger - Using 'UTF-8' encoding to copy filtered resources.
2019-04-12 01:52:22,043 [Worker-48: Building workspace] INFO  o.e.m.c.i.embedder.EclipseLogger - skip non existing resourceDirectory D:\Workspace\Reflection API\Annotation\src\main\resources
2019-04-12 01:52:22,046 [Worker-48: Building workspace] INFO  o.e.m.c.i.embedder.EclipseLogger - Using 'UTF-8' encoding to copy filtered resources.
2019-04-12 01:52:22,047 [Worker-48: Building workspace] INFO  o.e.m.c.i.embedder.EclipseLogger - skip non existing resourceDirectory D:\Workspace\Reflection API\Annotation\src\test\resources
2019-04-12 01:52:35,328 [Worker-43: Launching App (1)] INFO  o.e.m.c.i.embedder.EclipseLogger - Using 'UTF-8' encoding to copy filtered resources.
2019-04-12 01:52:35,328 [Worker-43: Launching App (1)] INFO  o.e.m.c.i.embedder.EclipseLogger - skip non existing resourceDirectory D:\Workspace\Reflection API\Annotation\src\main\resources
2019-04-12 01:52:35,335 [Worker-43: Launching App (1)] INFO  o.e.m.c.i.embedder.EclipseLogger - Using 'UTF-8' encoding to copy filtered resources.
2019-04-12 01:52:35,335 [Worker-43: Launching App (1)] INFO  o.e.m.c.i.embedder.EclipseLogger - skip non existing resourceDirectory D:\Workspace\Reflection API\Annotation\src\test\resources
2019-04-12 01:54:12,567 [Worker-51: Building workspace] INFO  o.e.m.c.i.embedder.EclipseLogger - Using 'UTF-8' encoding to copy filtered resources.
2019-04-12 01:54:12,568 [Worker-51: Building workspace] INFO  o.e.m.c.i.embedder.EclipseLogger - skip non existing resourceDirectory D:\Workspace\Reflection API\Annotation\src\main\resources
2019-04-12 01:54:12,572 [Worker-51: Building workspace] INFO  o.e.m.c.i.embedder.EclipseLogger - Using 'UTF-8' encoding to copy filtered resources.
2019-04-12 01:54:12,573 [Worker-51: Building workspace] INFO  o.e.m.c.i.embedder.EclipseLogger - skip non existing resourceDirectory D:\Workspace\Reflection API\Annotation\src\test\resources
2019-04-12 01:55:01,334 [Worker-38: Launching App (1)] INFO  o.e.m.c.i.embedder.EclipseLogger - Using 'UTF-8' encoding to copy filtered resources.
2019-04-12 01:55:01,334 [Worker-38: Launching App (1)] INFO  o.e.m.c.i.embedder.EclipseLogger - skip non existing resourceDirectory D:\Workspace\Reflection API\Annotation\src\main\resources
2019-04-12 01:55:01,339 [Worker-38: Launching App (1)] INFO  o.e.m.c.i.embedder.EclipseLogger - Using 'UTF-8' encoding to copy filtered resources.
2019-04-12 01:55:01,339 [Worker-38: Launching App (1)] INFO  o.e.m.c.i.embedder.EclipseLogger - skip non existing resourceDirectory D:\Workspace\Reflection API\Annotation\src\test\resources
2019-04-12 01:58:04,535 [Worker-50: Building workspace] INFO  o.e.m.c.i.embedder.EclipseLogger - Using 'UTF-8' encoding to copy filtered resources.
2019-04-12 01:58:04,536 [Worker-50: Building workspace] INFO  o.e.m.c.i.embedder.EclipseLogger - skip non existing resourceDirectory D:\Workspace\Reflection API\Annotation\src\main\resources
2019-04-12 01:58:04,542 [Worker-50: Building workspace] INFO  o.e.m.c.i.embedder.EclipseLogger - Using 'UTF-8' encoding to copy filtered resources.
2019-04-12 01:58:04,542 [Worker-50: Building workspace] INFO  o.e.m.c.i.embedder.EclipseLogger - skip non existing resourceDirectory D:\Workspace\Reflection API\Annotation\src\test\resources
2019-04-12 01:59:19,538 [Worker-50: Building workspace] INFO  o.e.m.c.i.embedder.EclipseLogger - Using 'UTF-8' encoding to copy filtered resources.
2019-04-12 01:59:19,539 [Worker-50: Building workspace] INFO  o.e.m.c.i.embedder.EclipseLogger - skip non existing resourceDirectory D:\Workspace\Reflection API\Annotation\src\main\resources
2019-04-12 01:59:19,543 [Worker-50: Building workspace] INFO  o.e.m.c.i.embedder.EclipseLogger - Using 'UTF-8' encoding to copy filtered resources.
2019-04-12 01:59:19,544 [Worker-50: Building workspace] INFO  o.e.m.c.i.embedder.EclipseLogger - skip non existing resourceDirectory D:\Workspace\Reflection API\Annotation\src\test\resources
2019-04-12 01:59:32,161 [Worker-50: Launching App (1)] INFO  o.e.m.c.i.embedder.EclipseLogger - Using 'UTF-8' encoding to copy filtered resources.
2019-04-12 01:59:32,162 [Worker-50: Launching App (1)] INFO  o.e.m.c.i.embedder.EclipseLogger - skip non existing resourceDirectory D:\Workspace\Reflection API\Annotation\src\main\resources
2019-04-12 01:59:32,165 [Worker-50: Launching App (1)] INFO  o.e.m.c.i.embedder.EclipseLogger - Using 'UTF-8' encoding to copy filtered resources.
2019-04-12 01:59:32,166 [Worker-50: Launching App (1)] INFO  o.e.m.c.i.embedder.EclipseLogger - skip non existing resourceDirectory D:\Workspace\Reflection API\Annotation\src\test\resources
2019-04-12 02:00:19,130 [Worker-47: Building workspace] INFO  o.e.m.c.i.embedder.EclipseLogger - Using 'UTF-8' encoding to copy filtered resources.
2019-04-12 02:00:19,130 [Worker-47: Building workspace] INFO  o.e.m.c.i.embedder.EclipseLogger - skip non existing resourceDirectory D:\Workspace\Reflection API\Annotation\src\main\resources
2019-04-12 02:00:19,135 [Worker-47: Building workspace] INFO  o.e.m.c.i.embedder.EclipseLogger - Using 'UTF-8' encoding to copy filtered resources.
2019-04-12 02:00:19,135 [Worker-47: Building workspace] INFO  o.e.m.c.i.embedder.EclipseLogger - skip non existing resourceDirectory D:\Workspace\Reflection API\Annotation\src\test\resources
2019-04-12 02:02:19,519 [Worker-47: Building workspace] INFO  o.e.m.c.i.embedder.EclipseLogger - Using 'UTF-8' encoding to copy filtered resources.
2019-04-12 02:02:19,520 [Worker-47: Building workspace] INFO  o.e.m.c.i.embedder.EclipseLogger - skip non existing resourceDirectory D:\Workspace\Reflection API\Annotation\src\main\resources
2019-04-12 02:02:19,523 [Worker-47: Building workspace] INFO  o.e.m.c.i.embedder.EclipseLogger - Using 'UTF-8' encoding to copy filtered resources.
2019-04-12 02:02:19,524 [Worker-47: Building workspace] INFO  o.e.m.c.i.embedder.EclipseLogger - skip non existing resourceDirectory D:\Workspace\Reflection API\Annotation\src\test\resources
2019-04-12 02:02:35,064 [Worker-44: Building workspace] INFO  o.e.m.c.i.embedder.EclipseLogger - Using 'UTF-8' encoding to copy filtered resources.
2019-04-12 02:02:35,064 [Worker-44: Building workspace] INFO  o.e.m.c.i.embedder.EclipseLogger - skip non existing resourceDirectory D:\Workspace\Reflection API\Annotation\src\main\resources
2019-04-12 02:02:35,070 [Worker-44: Building workspace] INFO  o.e.m.c.i.embedder.EclipseLogger - Using 'UTF-8' encoding to copy filtered resources.
2019-04-12 02:02:35,070 [Worker-44: Building workspace] INFO  o.e.m.c.i.embedder.EclipseLogger - skip non existing resourceDirectory D:\Workspace\Reflection API\Annotation\src\test\resources
2019-04-12 02:36:27,502 [Worker-53: Building workspace] INFO  o.e.m.c.i.embedder.EclipseLogger - Using 'UTF-8' encoding to copy filtered resources.
2019-04-12 02:36:27,502 [Worker-53: Building workspace] INFO  o.e.m.c.i.embedder.EclipseLogger - skip non existing resourceDirectory D:\Workspace\Reflection API\Annotation\src\main\resources
2019-04-12 02:36:27,506 [Worker-53: Building workspace] INFO  o.e.m.c.i.embedder.EclipseLogger - Using 'UTF-8' encoding to copy filtered resources.
2019-04-12 02:36:27,507 [Worker-53: Building workspace] INFO  o.e.m.c.i.embedder.EclipseLogger - skip non existing resourceDirectory D:\Workspace\Reflection API\Annotation\src\test\resources
2019-04-12 02:43:02,335 [Worker-55: Building workspace] INFO  o.e.m.c.i.embedder.EclipseLogger - Using 'UTF-8' encoding to copy filtered resources.
2019-04-12 02:43:02,336 [Worker-55: Building workspace] INFO  o.e.m.c.i.embedder.EclipseLogger - skip non existing resourceDirectory D:\Workspace\Reflection API\Annotation\src\main\resources
2019-04-12 02:43:02,339 [Worker-55: Building workspace] INFO  o.e.m.c.i.embedder.EclipseLogger - Using 'UTF-8' encoding to copy filtered resources.
2019-04-12 02:43:02,340 [Worker-55: Building workspace] INFO  o.e.m.c.i.embedder.EclipseLogger - skip non existing resourceDirectory D:\Workspace\Reflection API\Annotation\src\test\resources
2019-04-12 02:56:39,690 [Worker-43: Building workspace] INFO  o.e.m.c.i.embedder.EclipseLogger - Using 'UTF-8' encoding to copy filtered resources.
2019-04-12 02:56:39,690 [Worker-43: Building workspace] INFO  o.e.m.c.i.embedder.EclipseLogger - skip non existing resourceDirectory D:\Workspace\Reflection API\Annotation\src\main\resources
2019-04-12 02:56:39,693 [Worker-43: Building workspace] INFO  o.e.m.c.i.embedder.EclipseLogger - Using 'UTF-8' encoding to copy filtered resources.
2019-04-12 02:56:39,694 [Worker-43: Building workspace] INFO  o.e.m.c.i.embedder.EclipseLogger - skip non existing resourceDirectory D:\Workspace\Reflection API\Annotation\src\test\resources
2019-04-12 13:25:23,744 [Worker-3: Loading available Gradle versions] INFO  o.e.b.c.i.u.g.PublishedGradleVersions - Gradle version information cache is up-to-date. Trying to read.
2019-04-12 16:33:58,599 [Worker-28: Launching App (1)] INFO  o.e.m.c.i.embedder.EclipseLogger - Using 'UTF-8' encoding to copy filtered resources.
2019-04-12 16:33:58,739 [Worker-28: Launching App (1)] INFO  o.e.m.c.i.embedder.EclipseLogger - skip non existing resourceDirectory D:\Workspace\Reflection API\Annotation\src\main\resources
2019-04-12 16:33:58,748 [Worker-28: Launching App (1)] INFO  o.e.m.c.i.embedder.EclipseLogger - Using 'UTF-8' encoding to copy filtered resources.
2019-04-12 16:33:58,748 [Worker-28: Launching App (1)] INFO  o.e.m.c.i.embedder.EclipseLogger - skip non existing resourceDirectory D:\Workspace\Reflection API\Annotation\src\test\resources
2019-04-12 16:35:15,028 [Worker-27: Creating maven-archetype-quickstart] INFO  o.e.m.c.i.p.ProjectConfigurationManager - Collecting project info '/pom.xml' D:\Workspace\Reflection API\Annotations-2\pom.xml
2019-04-12 16:35:22,352 [Worker-27: Creating maven-archetype-quickstart] INFO  o.e.m.c.i.l.LifecycleMappingFactory - Using org.eclipse.m2e.jdt.JarLifecycleMapping lifecycle mapping for MavenProject: com.reflection.annotation1:Annotations-2:0.0.1-SNAPSHOT @ D:\Workspace\Reflection API\Annotations-2\pom.xml.
2019-04-12 16:35:23,231 [Worker-27: Creating maven-archetype-quickstart] INFO  o.e.m.j.i.AbstractJavaProjectConfigurator - Adding source folder /Annotations-2/src/main/java
2019-04-12 16:35:23,241 [Worker-27: Creating maven-archetype-quickstart] INFO  o.e.m.j.i.AbstractJavaProjectConfigurator - Adding source folder /Annotations-2/src/test/java
2019-04-12 16:35:23,705 [Worker-27: Creating maven-archetype-quickstart] INFO  o.e.m.c.i.p.ProjectConfigurationManager - Imported and configured 1 project(s) in 8 sec
2019-04-12 16:35:25,604 [Worker-36: Building workspace] INFO  o.e.m.c.i.embedder.EclipseLogger - Using 'UTF-8' encoding to copy filtered resources.
2019-04-12 16:35:25,605 [Worker-36: Building workspace] INFO  o.e.m.c.i.embedder.EclipseLogger - skip non existing resourceDirectory D:\Workspace\Reflection API\Annotations-2\src\main\resources
2019-04-12 16:35:25,611 [Worker-36: Building workspace] INFO  o.e.m.c.i.embedder.EclipseLogger - Using 'UTF-8' encoding to copy filtered resources.
2019-04-12 16:35:25,611 [Worker-36: Building workspace] INFO  o.e.m.c.i.embedder.EclipseLogger - skip non existing resourceDirectory D:\Workspace\Reflection API\Annotations-2\src\test\resources
2019-04-12 16:36:11,390 [Worker-28: Building workspace] INFO  o.e.m.c.i.l.LifecycleMappingFactory - Using org.eclipse.m2e.jdt.JarLifecycleMapping lifecycle mapping for MavenProject: com.reflection.annotation1:Annotations-2:0.0.1-SNAPSHOT @ D:\Workspace\Reflection API\Annotations-2\pom.xml.
2019-04-12 16:36:11,743 [Worker-28: Building workspace] INFO  o.e.m.c.i.embedder.EclipseLogger - Using 'UTF-8' encoding to copy filtered resources.
2019-04-12 16:36:11,744 [Worker-28: Building workspace] INFO  o.e.m.c.i.embedder.EclipseLogger - skip non existing resourceDirectory D:\Workspace\Reflection API\Annotations-2\src\main\resources
2019-04-12 16:36:11,749 [Worker-28: Building workspace] INFO  o.e.m.c.i.embedder.EclipseLogger - Using 'UTF-8' encoding to copy filtered resources.
2019-04-12 16:36:11,749 [Worker-28: Building workspace] INFO  o.e.m.c.i.embedder.EclipseLogger - skip non existing resourceDirectory D:\Workspace\Reflection API\Annotations-2\src\test\resources
2019-04-12 16:36:36,392 [Worker-27: Updating Maven Project] INFO  o.e.m.c.i.p.ProjectConfigurationManager - Update started
2019-04-12 16:36:37,620 [Worker-27: Updating Maven Project] INFO  o.e.m.c.i.l.LifecycleMappingFactory - Using org.eclipse.m2e.jdt.JarLifecycleMapping lifecycle mapping for MavenProject: com.reflection.annotation1:Annotations-2:0.0.1-SNAPSHOT @ D:\Workspace\Reflection API\Annotations-2\pom.xml.
2019-04-12 16:36:37,914 [Worker-27: Updating Maven Project] INFO  o.e.m.j.i.AbstractJavaProjectConfigurator - Adding source folder /Annotations-2/src/main/java
2019-04-12 16:36:37,917 [Worker-27: Updating Maven Project] INFO  o.e.m.j.i.AbstractJavaProjectConfigurator - Adding source folder /Annotations-2/src/test/java
2019-04-12 16:36:38,379 [Worker-27: Updating Maven Project] INFO  o.e.m.c.i.p.ProjectConfigurationManager - Update completed: 1 sec
2019-04-12 16:36:38,671 [Worker-28: Building workspace] INFO  o.e.m.c.i.embedder.EclipseLogger - Using 'UTF-8' encoding to copy filtered resources.
2019-04-12 16:36:38,672 [Worker-28: Building workspace] INFO  o.e.m.c.i.embedder.EclipseLogger - skip non existing resourceDirectory D:\Workspace\Reflection API\Annotations-2\src\main\resources
2019-04-12 16:36:38,676 [Worker-28: Building workspace] INFO  o.e.m.c.i.embedder.EclipseLogger - Using 'UTF-8' encoding to copy filtered resources.
2019-04-12 16:36:38,677 [Worker-28: Building workspace] INFO  o.e.m.c.i.embedder.EclipseLogger - skip non existing resourceDirectory D:\Workspace\Reflection API\Annotations-2\src\test\resources
2019-04-12 16:39:30,175 [Worker-36: Building workspace] INFO  o.e.m.c.i.embedder.EclipseLogger - Using 'UTF-8' encoding to copy filtered resources.
2019-04-12 16:39:30,176 [Worker-36: Building workspace] INFO  o.e.m.c.i.embedder.EclipseLogger - skip non existing resourceDirectory D:\Workspace\Reflection API\Annotations-2\src\main\resources
2019-04-12 16:39:30,182 [Worker-36: Building workspace] INFO  o.e.m.c.i.embedder.EclipseLogger - Using 'UTF-8' encoding to copy filtered resources.
2019-04-12 16:39:30,182 [Worker-36: Building workspace] INFO  o.e.m.c.i.embedder.EclipseLogger - skip non existing resourceDirectory D:\Workspace\Reflection API\Annotations-2\src\test\resources
2019-04-12 16:41:11,068 [Worker-37: Building workspace] INFO  o.e.m.c.i.embedder.EclipseLogger - Using 'UTF-8' encoding to copy filtered resources.
2019-04-12 16:41:11,069 [Worker-37: Building workspace] INFO  o.e.m.c.i.embedder.EclipseLogger - skip non existing resourceDirectory D:\Workspace\Reflection API\Annotations-2\src\main\resources
2019-04-12 16:41:11,073 [Worker-37: Building workspace] INFO  o.e.m.c.i.embedder.EclipseLogger - Using 'UTF-8' encoding to copy filtered resources.
2019-04-12 16:41:11,074 [Worker-37: Building workspace] INFO  o.e.m.c.i.embedder.EclipseLogger - skip non existing resourceDirectory D:\Workspace\Reflection API\Annotations-2\src\test\resources
2019-04-12 16:41:26,089 [Worker-37: Building workspace] INFO  o.e.m.c.i.embedder.EclipseLogger - Using 'UTF-8' encoding to copy filtered resources.
2019-04-12 16:41:26,090 [Worker-37: Building workspace] INFO  o.e.m.c.i.embedder.EclipseLogger - skip non existing resourceDirectory D:\Workspace\Reflection API\Annotations-2\src\main\resources
2019-04-12 16:41:26,096 [Worker-37: Building workspace] INFO  o.e.m.c.i.embedder.EclipseLogger - Using 'UTF-8' encoding to copy filtered resources.
2019-04-12 16:41:26,096 [Worker-37: Building workspace] INFO  o.e.m.c.i.embedder.EclipseLogger - skip non existing resourceDirectory D:\Workspace\Reflection API\Annotations-2\src\test\resources
2019-04-12 16:41:58,488 [Worker-36: Building workspace] INFO  o.e.m.c.i.embedder.EclipseLogger - Using 'UTF-8' encoding to copy filtered resources.
2019-04-12 16:41:58,489 [Worker-36: Building workspace] INFO  o.e.m.c.i.embedder.EclipseLogger - skip non existing resourceDirectory D:\Workspace\Reflection API\Annotations-2\src\main\resources
2019-04-12 16:41:58,496 [Worker-36: Building workspace] INFO  o.e.m.c.i.embedder.EclipseLogger - Using 'UTF-8' encoding to copy filtered resources.
2019-04-12 16:41:58,496 [Worker-36: Building workspace] INFO  o.e.m.c.i.embedder.EclipseLogger - skip non existing resourceDirectory D:\Workspace\Reflection API\Annotations-2\src\test\resources
2019-04-12 16:42:04,738 [Worker-27: Building workspace] INFO  o.e.m.c.i.embedder.EclipseLogger - Using 'UTF-8' encoding to copy filtered resources.
2019-04-12 16:42:04,738 [Worker-27: Building workspace] INFO  o.e.m.c.i.embedder.EclipseLogger - skip non existing resourceDirectory D:\Workspace\Reflection API\Annotations-2\src\main\resources
2019-04-12 16:42:04,742 [Worker-27: Building workspace] INFO  o.e.m.c.i.embedder.EclipseLogger - Using 'UTF-8' encoding to copy filtered resources.
2019-04-12 16:42:04,742 [Worker-27: Building workspace] INFO  o.e.m.c.i.embedder.EclipseLogger - skip non existing resourceDirectory D:\Workspace\Reflection API\Annotations-2\src\test\resources
2019-04-12 16:42:54,610 [Worker-38: Building workspace] INFO  o.e.m.c.i.embedder.EclipseLogger - Using 'UTF-8' encoding to copy filtered resources.
2019-04-12 16:42:54,611 [Worker-38: Building workspace] INFO  o.e.m.c.i.embedder.EclipseLogger - skip non existing resourceDirectory D:\Workspace\Reflection API\Annotations-2\src\main\resources
2019-04-12 16:42:54,616 [Worker-38: Building workspace] INFO  o.e.m.c.i.embedder.EclipseLogger - Using 'UTF-8' encoding to copy filtered resources.
2019-04-12 16:42:54,616 [Worker-38: Building workspace] INFO  o.e.m.c.i.embedder.EclipseLogger - skip non existing resourceDirectory D:\Workspace\Reflection API\Annotations-2\src\test\resources
2019-04-12 16:43:59,592 [Worker-38: Building workspace] INFO  o.e.m.c.i.embedder.EclipseLogger - Using 'UTF-8' encoding to copy filtered resources.
2019-04-12 16:43:59,592 [Worker-38: Building workspace] INFO  o.e.m.c.i.embedder.EclipseLogger - skip non existing resourceDirectory D:\Workspace\Reflection API\Annotations-2\src\main\resources
2019-04-12 16:43:59,597 [Worker-38: Building workspace] INFO  o.e.m.c.i.embedder.EclipseLogger - Using 'UTF-8' encoding to copy filtered resources.
2019-04-12 16:43:59,598 [Worker-38: Building workspace] INFO  o.e.m.c.i.embedder.EclipseLogger - skip non existing resourceDirectory D:\Workspace\Reflection API\Annotations-2\src\test\resources
2019-04-12 16:44:47,245 [Worker-37: Building workspace] INFO  o.e.m.c.i.embedder.EclipseLogger - Using 'UTF-8' encoding to copy filtered resources.
2019-04-12 16:44:47,246 [Worker-37: Building workspace] INFO  o.e.m.c.i.embedder.EclipseLogger - skip non existing resourceDirectory D:\Workspace\Reflection API\Annotations-2\src\main\resources
2019-04-12 16:44:47,250 [Worker-37: Building workspace] INFO  o.e.m.c.i.embedder.EclipseLogger - Using 'UTF-8' encoding to copy filtered resources.
2019-04-12 16:44:47,251 [Worker-37: Building workspace] INFO  o.e.m.c.i.embedder.EclipseLogger - skip non existing resourceDirectory D:\Workspace\Reflection API\Annotations-2\src\test\resources
2019-04-12 16:50:02,349 [Worker-39: Building workspace] INFO  o.e.m.c.i.embedder.EclipseLogger - Using 'UTF-8' encoding to copy filtered resources.
2019-04-12 16:50:02,350 [Worker-39: Building workspace] INFO  o.e.m.c.i.embedder.EclipseLogger - skip non existing resourceDirectory D:\Workspace\Reflection API\Annotations-2\src\main\resources
2019-04-12 16:50:02,355 [Worker-39: Building workspace] INFO  o.e.m.c.i.embedder.EclipseLogger - Using 'UTF-8' encoding to copy filtered resources.
2019-04-12 16:50:02,355 [Worker-39: Building workspace] INFO  o.e.m.c.i.embedder.EclipseLogger - skip non existing resourceDirectory D:\Workspace\Reflection API\Annotations-2\src\test\resources
2019-04-12 16:54:44,849 [Worker-37: Building workspace] INFO  o.e.m.c.i.embedder.EclipseLogger - Using 'UTF-8' encoding to copy filtered resources.
2019-04-12 16:54:44,850 [Worker-37: Building workspace] INFO  o.e.m.c.i.embedder.EclipseLogger - skip non existing resourceDirectory D:\Workspace\Reflection API\Annotations-2\src\main\resources
2019-04-12 16:54:44,854 [Worker-37: Building workspace] INFO  o.e.m.c.i.embedder.EclipseLogger - Using 'UTF-8' encoding to copy filtered resources.
2019-04-12 16:54:44,854 [Worker-37: Building workspace] INFO  o.e.m.c.i.embedder.EclipseLogger - skip non existing resourceDirectory D:\Workspace\Reflection API\Annotations-2\src\test\resources
2019-04-12 16:55:07,772 [Worker-36: Building workspace] INFO  o.e.m.c.i.embedder.EclipseLogger - Using 'UTF-8' encoding to copy filtered resources.
2019-04-12 16:55:07,772 [Worker-36: Building workspace] INFO  o.e.m.c.i.embedder.EclipseLogger - skip non existing resourceDirectory D:\Workspace\Reflection API\Annotations-2\src\main\resources
2019-04-12 16:55:07,776 [Worker-36: Building workspace] INFO  o.e.m.c.i.embedder.EclipseLogger - Using 'UTF-8' encoding to copy filtered resources.
2019-04-12 16:55:07,777 [Worker-36: Building workspace] INFO  o.e.m.c.i.embedder.EclipseLogger - skip non existing resourceDirectory D:\Workspace\Reflection API\Annotations-2\src\test\resources
2019-04-13 00:20:28,178 [Worker-49: Creating maven-archetype-quickstart] INFO  o.e.m.c.i.p.ProjectConfigurationManager - Collecting project info '/pom.xml' D:\Workspace\Reflection API\Annptation-3\pom.xml
2019-04-13 00:20:57,868 [Worker-49: Creating maven-archetype-quickstart] INFO  o.e.m.c.i.l.LifecycleMappingFactory - Using org.eclipse.m2e.jdt.JarLifecycleMapping lifecycle mapping for MavenProject: com.reflection.annotation2:Annptation-3:0.0.1-SNAPSHOT @ D:\Workspace\Reflection API\Annptation-3\pom.xml.
2019-04-13 00:21:07,152 [Worker-49: Creating maven-archetype-quickstart] INFO  o.e.m.j.i.AbstractJavaProjectConfigurator - Adding source folder /Annptation-3/src/main/java
2019-04-13 00:21:07,162 [Worker-49: Creating maven-archetype-quickstart] INFO  o.e.m.j.i.AbstractJavaProjectConfigurator - Adding source folder /Annptation-3/src/test/java
2019-04-13 00:21:08,916 [Worker-49: Creating maven-archetype-quickstart] INFO  o.e.m.c.i.p.ProjectConfigurationManager - Imported and configured 1 project(s) in 40 sec
2019-04-13 00:21:18,309 [Worker-48: Building workspace] INFO  o.e.m.c.i.embedder.EclipseLogger - Using 'UTF-8' encoding to copy filtered resources.
2019-04-13 00:21:18,309 [Worker-48: Building workspace] INFO  o.e.m.c.i.embedder.EclipseLogger - skip non existing resourceDirectory D:\Workspace\Reflection API\Annptation-3\src\main\resources
2019-04-13 00:21:18,366 [Worker-48: Building workspace] INFO  o.e.m.c.i.embedder.EclipseLogger - Using 'UTF-8' encoding to copy filtered resources.
2019-04-13 00:21:18,366 [Worker-48: Building workspace] INFO  o.e.m.c.i.embedder.EclipseLogger - skip non existing resourceDirectory D:\Workspace\Reflection API\Annptation-3\src\test\resources
2019-04-13 00:22:23,699 [Worker-47: Building workspace] INFO  o.e.m.c.i.l.LifecycleMappingFactory - Using org.eclipse.m2e.jdt.JarLifecycleMapping lifecycle mapping for MavenProject: com.reflection.annotation2:Annptation-3:0.0.1-SNAPSHOT @ D:\Workspace\Reflection API\Annotations-3\pom.xml.
2019-04-13 00:22:24,393 [Worker-47: Building workspace] INFO  o.e.m.c.i.embedder.EclipseLogger - Using 'UTF-8' encoding to copy filtered resources.
2019-04-13 00:22:24,394 [Worker-47: Building workspace] INFO  o.e.m.c.i.embedder.EclipseLogger - skip non existing resourceDirectory D:\Workspace\Reflection API\Annotations-3\src\main\resources
2019-04-13 00:22:24,398 [Worker-47: Building workspace] INFO  o.e.m.c.i.embedder.EclipseLogger - Using 'UTF-8' encoding to copy filtered resources.
2019-04-13 00:22:24,398 [Worker-47: Building workspace] INFO  o.e.m.c.i.embedder.EclipseLogger - skip non existing resourceDirectory D:\Workspace\Reflection API\Annotations-3\src\test\resources
2019-04-13 00:22:26,907 [Worker-52: Building workspace] INFO  o.e.m.c.i.embedder.EclipseLogger - Using 'UTF-8' encoding to copy filtered resources.
2019-04-13 00:22:27,149 [Worker-52: Building workspace] INFO  o.e.m.c.i.embedder.EclipseLogger - skip non existing resourceDirectory D:\Workspace\Reflection API\Annotations-3\src\main\resources
2019-04-13 00:22:27,156 [Worker-52: Building workspace] INFO  o.e.m.c.i.embedder.EclipseLogger - Using 'UTF-8' encoding to copy filtered resources.
2019-04-13 00:22:27,157 [Worker-52: Building workspace] INFO  o.e.m.c.i.embedder.EclipseLogger - skip non existing resourceDirectory D:\Workspace\Reflection API\Annotations-3\src\test\resources
2019-04-13 00:23:53,272 [Worker-37: Building workspace] INFO  o.e.m.c.i.l.LifecycleMappingFactory - Using org.eclipse.m2e.jdt.JarLifecycleMapping lifecycle mapping for MavenProject: com.reflection.annotation2:Annptation-3:0.0.1-SNAPSHOT @ D:\Workspace\Reflection API\Annotations-3\pom.xml.
2019-04-13 00:23:53,995 [Worker-37: Building workspace] INFO  o.e.m.c.i.embedder.EclipseLogger - Using 'UTF-8' encoding to copy filtered resources.
2019-04-13 00:23:53,996 [Worker-37: Building workspace] INFO  o.e.m.c.i.embedder.EclipseLogger - skip non existing resourceDirectory D:\Workspace\Reflection API\Annotations-3\src\main\resources
2019-04-13 00:23:54,002 [Worker-37: Building workspace] INFO  o.e.m.c.i.embedder.EclipseLogger - Using 'UTF-8' encoding to copy filtered resources.
2019-04-13 00:23:54,003 [Worker-37: Building workspace] INFO  o.e.m.c.i.embedder.EclipseLogger - skip non existing resourceDirectory D:\Workspace\Reflection API\Annotations-3\src\test\resources
2019-04-13 00:24:16,434 [Worker-37: Updating Maven Project] INFO  o.e.m.c.i.p.ProjectConfigurationManager - Update started
2019-04-13 00:24:16,582 [Worker-37: Updating Maven Project] INFO  o.e.m.c.i.l.LifecycleMappingFactory - Using org.eclipse.m2e.jdt.JarLifecycleMapping lifecycle mapping for MavenProject: com.reflection.annotation2:Annptation-3:0.0.1-SNAPSHOT @ D:\Workspace\Reflection API\Annotations-3\pom.xml.
2019-04-13 00:24:16,661 [Worker-37: Updating Maven Project] INFO  o.e.m.j.i.AbstractJavaProjectConfigurator - Adding source folder /Annotations-3/src/main/java
2019-04-13 00:24:16,674 [Worker-37: Updating Maven Project] INFO  o.e.m.j.i.AbstractJavaProjectConfigurator - Adding source folder /Annotations-3/src/test/java
2019-04-13 00:24:18,000 [Worker-37: Updating Maven Project] INFO  o.e.m.c.i.p.ProjectConfigurationManager - Update completed: 1 sec
2019-04-13 00:24:18,290 [Worker-37: Building workspace] INFO  o.e.m.c.i.embedder.EclipseLogger - Using 'UTF-8' encoding to copy filtered resources.
2019-04-13 00:24:18,291 [Worker-37: Building workspace] INFO  o.e.m.c.i.embedder.EclipseLogger - skip non existing resourceDirectory D:\Workspace\Reflection API\Annotations-3\src\main\resources
2019-04-13 00:24:18,297 [Worker-37: Building workspace] INFO  o.e.m.c.i.embedder.EclipseLogger - Using 'UTF-8' encoding to copy filtered resources.
2019-04-13 00:24:18,298 [Worker-37: Building workspace] INFO  o.e.m.c.i.embedder.EclipseLogger - skip non existing resourceDirectory D:\Workspace\Reflection API\Annotations-3\src\test\resources
2019-04-13 00:34:18,433 [Worker-49: Building workspace] INFO  o.e.m.c.i.embedder.EclipseLogger - Using 'UTF-8' encoding to copy filtered resources.
2019-04-13 00:34:18,434 [Worker-49: Building workspace] INFO  o.e.m.c.i.embedder.EclipseLogger - skip non existing resourceDirectory D:\Workspace\Reflection API\Annotations-3\src\main\resources
2019-04-13 00:34:18,438 [Worker-49: Building workspace] INFO  o.e.m.c.i.embedder.EclipseLogger - Using 'UTF-8' encoding to copy filtered resources.
2019-04-13 00:34:18,439 [Worker-49: Building workspace] INFO  o.e.m.c.i.embedder.EclipseLogger - skip non existing resourceDirectory D:\Workspace\Reflection API\Annotations-3\src\test\resources
2019-04-13 00:34:46,274 [Worker-54: Building workspace] INFO  o.e.m.c.i.embedder.EclipseLogger - Using 'UTF-8' encoding to copy filtered resources.
2019-04-13 00:34:46,275 [Worker-54: Building workspace] INFO  o.e.m.c.i.embedder.EclipseLogger - skip non existing resourceDirectory D:\Workspace\Reflection API\Annotations-3\src\main\resources
2019-04-13 00:34:46,279 [Worker-54: Building workspace] INFO  o.e.m.c.i.embedder.EclipseLogger - Using 'UTF-8' encoding to copy filtered resources.
2019-04-13 00:34:46,279 [Worker-54: Building workspace] INFO  o.e.m.c.i.embedder.EclipseLogger - skip non existing resourceDirectory D:\Workspace\Reflection API\Annotations-3\src\test\resources
2019-04-13 00:35:13,432 [Worker-54: Building workspace] INFO  o.e.m.c.i.embedder.EclipseLogger - Using 'UTF-8' encoding to copy filtered resources.
2019-04-13 00:35:13,433 [Worker-54: Building workspace] INFO  o.e.m.c.i.embedder.EclipseLogger - skip non existing resourceDirectory D:\Workspace\Reflection API\Annotations-3\src\main\resources
2019-04-13 00:35:13,436 [Worker-54: Building workspace] INFO  o.e.m.c.i.embedder.EclipseLogger - Using 'UTF-8' encoding to copy filtered resources.
2019-04-13 00:35:13,437 [Worker-54: Building workspace] INFO  o.e.m.c.i.embedder.EclipseLogger - skip non existing resourceDirectory D:\Workspace\Reflection API\Annotations-3\src\test\resources
2019-04-13 00:35:40,877 [Worker-54: Building workspace] INFO  o.e.m.c.i.embedder.EclipseLogger - Using 'UTF-8' encoding to copy filtered resources.
2019-04-13 00:35:40,877 [Worker-54: Building workspace] INFO  o.e.m.c.i.embedder.EclipseLogger - skip non existing resourceDirectory D:\Workspace\Reflection API\Annotations-3\src\main\resources
2019-04-13 00:35:40,881 [Worker-54: Building workspace] INFO  o.e.m.c.i.embedder.EclipseLogger - Using 'UTF-8' encoding to copy filtered resources.
2019-04-13 00:35:40,882 [Worker-54: Building workspace] INFO  o.e.m.c.i.embedder.EclipseLogger - skip non existing resourceDirectory D:\Workspace\Reflection API\Annotations-3\src\test\resources
2019-04-13 00:36:18,291 [Worker-54: Building workspace] INFO  o.e.m.c.i.embedder.EclipseLogger - Using 'UTF-8' encoding to copy filtered resources.
2019-04-13 00:36:18,291 [Worker-54: Building workspace] INFO  o.e.m.c.i.embedder.EclipseLogger - skip non existing resourceDirectory D:\Workspace\Reflection API\Annotations-3\src\main\resources
2019-04-13 00:36:18,294 [Worker-54: Building workspace] INFO  o.e.m.c.i.embedder.EclipseLogger - Using 'UTF-8' encoding to copy filtered resources.
2019-04-13 00:36:18,294 [Worker-54: Building workspace] INFO  o.e.m.c.i.embedder.EclipseLogger - skip non existing resourceDirectory D:\Workspace\Reflection API\Annotations-3\src\test\resources
2019-04-13 00:37:16,587 [Worker-47: Building workspace] INFO  o.e.m.c.i.embedder.EclipseLogger - Using 'UTF-8' encoding to copy filtered resources.
2019-04-13 00:37:16,588 [Worker-47: Building workspace] INFO  o.e.m.c.i.embedder.EclipseLogger - skip non existing resourceDirectory D:\Workspace\Reflection API\Annotations-3\src\main\resources
2019-04-13 00:37:16,620 [Worker-47: Building workspace] INFO  o.e.m.c.i.embedder.EclipseLogger - Using 'UTF-8' encoding to copy filtered resources.
2019-04-13 00:37:16,621 [Worker-47: Building workspace] INFO  o.e.m.c.i.embedder.EclipseLogger - skip non existing resourceDirectory D:\Workspace\Reflection API\Annotations-3\src\test\resources
2019-04-13 00:45:09,398 [Worker-56: Building workspace] INFO  o.e.m.c.i.embedder.EclipseLogger - Using 'UTF-8' encoding to copy filtered resources.
2019-04-13 00:45:09,399 [Worker-56: Building workspace] INFO  o.e.m.c.i.embedder.EclipseLogger - skip non existing resourceDirectory D:\Workspace\Reflection API\Annotations-3\src\main\resources
2019-04-13 00:45:09,402 [Worker-56: Building workspace] INFO  o.e.m.c.i.embedder.EclipseLogger - Using 'UTF-8' encoding to copy filtered resources.
2019-04-13 00:45:09,402 [Worker-56: Building workspace] INFO  o.e.m.c.i.embedder.EclipseLogger - skip non existing resourceDirectory D:\Workspace\Reflection API\Annotations-3\src\test\resources
2019-04-13 00:46:23,118 [Worker-47: Building workspace] INFO  o.e.m.c.i.embedder.EclipseLogger - Using 'UTF-8' encoding to copy filtered resources.
2019-04-13 00:46:23,119 [Worker-47: Building workspace] INFO  o.e.m.c.i.embedder.EclipseLogger - skip non existing resourceDirectory D:\Workspace\Reflection API\Annotations-3\src\main\resources
2019-04-13 00:46:23,121 [Worker-47: Building workspace] INFO  o.e.m.c.i.embedder.EclipseLogger - Using 'UTF-8' encoding to copy filtered resources.
2019-04-13 00:46:23,122 [Worker-47: Building workspace] INFO  o.e.m.c.i.embedder.EclipseLogger - skip non existing resourceDirectory D:\Workspace\Reflection API\Annotations-3\src\test\resources
2019-04-14 19:49:35,064 [Worker-4: Loading available Gradle versions] INFO  o.e.b.c.i.u.g.PublishedGradleVersions - Gradle version information cache is out-of-date. Trying to update.
2019-04-14 19:52:18,747 [Worker-18: Launching App (1)] INFO  o.e.m.c.i.embedder.EclipseLogger - Using 'UTF-8' encoding to copy filtered resources.
2019-04-14 19:52:18,749 [Worker-18: Launching App (1)] INFO  o.e.m.c.i.embedder.EclipseLogger - skip non existing resourceDirectory D:\Workspace\Reflection API\Annotation\src\main\resources
2019-04-14 19:52:18,758 [Worker-18: Launching App (1)] INFO  o.e.m.c.i.embedder.EclipseLogger - Using 'UTF-8' encoding to copy filtered resources.
2019-04-14 19:52:18,759 [Worker-18: Launching App (1)] INFO  o.e.m.c.i.embedder.EclipseLogger - skip non existing resourceDirectory D:\Workspace\Reflection API\Annotation\src\test\resources
2019-04-14 19:52:28,673 [Worker-11: Building workspace] INFO  o.e.m.c.i.embedder.EclipseLogger - Using 'UTF-8' encoding to copy filtered resources.
2019-04-14 19:52:28,676 [Worker-11: Building workspace] INFO  o.e.m.c.i.embedder.EclipseLogger - skip non existing resourceDirectory D:\Workspace\Reflection API\Annotations-2\src\main\resources
2019-04-14 19:52:28,686 [Worker-11: Building workspace] INFO  o.e.m.c.i.embedder.EclipseLogger - Using 'UTF-8' encoding to copy filtered resources.
2019-04-14 19:52:28,686 [Worker-11: Building workspace] INFO  o.e.m.c.i.embedder.EclipseLogger - skip non existing resourceDirectory D:\Workspace\Reflection API\Annotations-2\src\test\resources
2019-04-14 19:52:29,864 [Worker-11: Building workspace] INFO  o.e.m.c.i.embedder.EclipseLogger - Using 'UTF-8' encoding to copy filtered resources.
2019-04-14 19:52:29,865 [Worker-11: Building workspace] INFO  o.e.m.c.i.embedder.EclipseLogger - skip non existing resourceDirectory D:\Workspace\Reflection API\Annotations-3\src\main\resources
2019-04-14 19:52:29,869 [Worker-11: Building workspace] INFO  o.e.m.c.i.embedder.EclipseLogger - Using 'UTF-8' encoding to copy filtered resources.
2019-04-14 19:52:29,870 [Worker-11: Building workspace] INFO  o.e.m.c.i.embedder.EclipseLogger - skip non existing resourceDirectory D:\Workspace\Reflection API\Annotations-3\src\test\resources
