Get Debug
This is an Error
Get Trace
Get Info
Get Fatal
Get Debug
This is an Error
Get Trace
Get Info
Get Fatal
Get Debug
This is an Error
Get Trace
Get Info
Get Fatal
Get Debug
This is an Error
Get Trace
Get Info
Get Fatal
Get Debug
This is an Error
Get Trace
Get Info
Get Fatal
Get Debug
This is an Error
Get Trace
Get Info
Get Fatal
Get Debug
This is an Error
Get Trace
Get Info
Get Fatal
Get Debug
This is an Error
Get Trace
Get Info
Get Fatal
Get Debug
This is an Error
Get Trace
Get Info
Get Fatal
Get Debug
This is an Error
Get Trace
Get Info
Get Fatal
Get Debug
This is an Error
Get Trace
Get Info
Get Fatal
Get Debug
This is an Error
Get Trace
Get Info
Get Fatal
Get Debug
This is an Error
Get Trace
Get Info
Get Fatal
Get Debug
This is an Error
Get Trace
Get Info
Get Fatal
Get Debug
This is an Error
Get Trace
Get Info
Get Fatal
Get Debug
This is an Error
Get Trace
Get Info
Get Fatal
DEBUG - Get Debug
ERROR - This is an Error
TRACE - Get Trace
INFO - Get Info
FATAL - Get Fatal
Get Debug
This is an Error
Get Trace
Get Info
Get Fatal
Get Debug
This is an Error
Get Trace
Get Info
Get Fatal
Get Debug
This is an Error
Get Trace
Get Info
Get Fatal
DEBUG main com.worldbank.log4j.EmployeeDataRetrieve - Get Debug
ERROR main com.worldbank.log4j.EmployeeDataRetrieve - This is an Error
TRACE main com.worldbank.log4j.EmployeeDataRetrieve - Get Trace
INFO main com.worldbank.log4j.EmployeeDataRetrieve - Get Info
FATAL main com.worldbank.log4j.EmployeeDataRetrieve - Get Fatal
DEBUG main com.worldbank.log4j.EmployeeDataRetrieve - Get Debug
ERROR main com.worldbank.log4j.EmployeeDataRetrieve - This is an Error
TRACE main com.worldbank.log4j.EmployeeDataRetrieve - Get Trace
INFO main com.worldbank.log4j.EmployeeDataRetrieve - Get Info
FATAL main com.worldbank.log4j.EmployeeDataRetrieve - Get Fatal
DEBUG main com.worldbank.log4j.EmployeeDataRetrieve - Get Debug
ERROR main com.worldbank.log4j.EmployeeDataRetrieve - This is an Error
TRACE main com.worldbank.log4j.EmployeeDataRetrieve - Get Trace
INFO main com.worldbank.log4j.EmployeeDataRetrieve - Get Info
FATAL main com.worldbank.log4j.EmployeeDataRetrieve - Get Fatal
DEBUG main com.worldbank.log4j.EmployeeDataRetrieve - Get Debug
ERROR main com.worldbank.log4j.EmployeeDataRetrieve - This is an Error
TRACE main com.worldbank.log4j.EmployeeDataRetrieve - Get Trace
INFO main com.worldbank.log4j.EmployeeDataRetrieve - Get Info
FATAL main com.worldbank.log4j.EmployeeDataRetrieve - Get Fatal
DEBUG main com.worldbank.log4j.EmployeeDataRetrieve - Get Debug
ERROR main com.worldbank.log4j.EmployeeDataRetrieve - This is an Error
TRACE main com.worldbank.log4j.EmployeeDataRetrieve - Get Trace
INFO main com.worldbank.log4j.EmployeeDataRetrieve - Get Info
FATAL main com.worldbank.log4j.EmployeeDataRetrieve - Get Fatal
